<?xml version="1.0" encoding="UTF-8"?>
<robot generator="Robot 6.0.2 (Python 3.7.0 on win32)" generated="20230413 20:35:09.288" rpa="false" schemaversion="3">
<suite id="s1" name="Rahul autimation" source="C:\Users\bmahe\OneDrive\Desktop\RobotFramework\Selenium\Rahul autimation.robot">
<test id="s1-t1" name="tetscase1" line="29">
<kw name="Lanchpage">
<kw name="Open Browser" library="SeleniumLibrary">
<arg>${url}</arg>
<arg>${browser_name}</arg>
<arg>executable_path=chromedriver.exe</arg>
<doc>Opens a new browser instance to the optional ``url``.</doc>
<msg timestamp="20230413 20:35:09.508" level="INFO">Opening browser 'chrome' to base url 'https://rahulshettyacademy.com/AutomationPractice/'.</msg>
<status status="PASS" starttime="20230413 20:35:09.508" endtime="20230413 20:35:14.291"/>
</kw>
<kw name="Maximize Browser Window" library="SeleniumLibrary">
<doc>Maximizes current browser window.</doc>
<status status="PASS" starttime="20230413 20:35:14.291" endtime="20230413 20:35:14.582"/>
</kw>
<status status="PASS" starttime="20230413 20:35:09.508" endtime="20230413 20:35:14.582"/>
</kw>
<kw name="Radial buttons">
<kw name="Select Radio Button" library="SeleniumLibrary">
<arg>radioButton</arg>
<arg>radio2</arg>
<doc>Sets the radio button group ``group_name`` to ``value``.</doc>
<msg timestamp="20230413 20:35:14.582" level="INFO">Selecting 'radio2' from radio button 'radioButton'.</msg>
<status status="PASS" starttime="20230413 20:35:14.582" endtime="20230413 20:35:14.647"/>
</kw>
<kw name="Select From List By Value" library="SeleniumLibrary">
<arg>css:select#dropdown-class-example</arg>
<arg>option100</arg>
<doc>Selects options from selection list ``locator`` by ``values``.</doc>
<msg timestamp="20230413 20:35:14.647" level="INFO">Selecting options from selection list 'css:select#dropdown-class-example' by value option100.</msg>
<msg timestamp="20230413 20:35:14.861" level="INFO" html="true">&lt;/td&gt;&lt;/tr&gt;&lt;tr&gt;&lt;td colspan="3"&gt;&lt;a href="selenium-screenshot-2.png"&gt;&lt;img src="selenium-screenshot-2.png" width="800px"&gt;&lt;/a&gt;</msg>
<msg timestamp="20230413 20:35:14.861" level="FAIL">NoSuchElementException: Message: Cannot locate option with value: option100
</msg>
<status status="FAIL" starttime="20230413 20:35:14.647" endtime="20230413 20:35:14.861"/>
</kw>
<kw name="Sleep" library="BuiltIn">
<arg>10sec</arg>
<doc>Pauses the test executed for the given time.</doc>
<status status="NOT RUN" starttime="20230413 20:35:14.861" endtime="20230413 20:35:14.861"/>
</kw>
<status status="FAIL" starttime="20230413 20:35:14.582" endtime="20230413 20:35:14.861"/>
</kw>
<status status="FAIL" starttime="20230413 20:35:09.508" endtime="20230413 20:35:14.864">NoSuchElementException: Message: Cannot locate option with value: option100
</status>
</test>
<status status="FAIL" starttime="20230413 20:35:09.288" endtime="20230413 20:35:14.865"/>
</suite>
<statistics>
<total>
<stat pass="0" fail="1" skip="0">All Tests</stat>
</total>
<tag>
</tag>
<suite>
<stat pass="0" fail="1" skip="0" id="s1" name="Rahul autimation">Rahul autimation</stat>
</suite>
</statistics>
<errors>
</errors>
</robot>
